Using pre-set license
Built from '2021.3/release' branch; Version is '2021.3.28f1 (232e59c3f087) revision 2305625'; Using compiler version '192829333'; Build Type 'Release'
OS: 'Windows 10  (10.0.19045) 64bit ProfessionalEducation' Language: 'es' Physical Memory: 16174 MB
BatchMode: 1, IsHumanControllingUs: 0, StartBugReporterOnCrash: 0, Is64bit: 1, IsPro: 1

COMMAND LINE ARGUMENTS:
C:\Program Files\Unity\Hub\Editor\2021.3.28f1\Editor\Unity.exe
-adb2
-batchMode
-noUpm
-name
AssetImportWorker0
-projectPath
C:/Users/Alumno/Documents/proyectos/war_over_ocean
-logFile
Logs/AssetImportWorker0.log
-srvPort
51059
Successfully changed project path to: C:/Users/Alumno/Documents/proyectos/war_over_ocean
C:/Users/Alumno/Documents/proyectos/war_over_ocean
[UnityMemory] Configuration Parameters - Can be set up in boot.config
    "memorysetup-bucket-allocator-granularity=16"
    "memorysetup-bucket-allocator-bucket-count=8"
    "memorysetup-bucket-allocator-block-size=33554432"
    "memorysetup-bucket-allocator-block-count=8"
    "memorysetup-main-allocator-block-size=16777216"
    "memorysetup-thread-allocator-block-size=16777216"
    "memorysetup-gfx-main-allocator-block-size=16777216"
    "memorysetup-gfx-thread-allocator-block-size=16777216"
    "memorysetup-cache-allocator-block-size=4194304"
    "memorysetup-typetree-allocator-block-size=2097152"
    "memorysetup-profiler-bucket-allocator-granularity=16"
    "memorysetup-profiler-bucket-allocator-bucket-count=8"
    "memorysetup-profiler-bucket-allocator-block-size=33554432"
    "memorysetup-profiler-bucket-allocator-block-count=8"
    "memorysetup-profiler-allocator-block-size=16777216"
    "memorysetup-profiler-editor-allocator-block-size=1048576"
    "memorysetup-temp-allocator-size-main=16777216"
    "memorysetup-job-temp-allocator-block-size=2097152"
    "memorysetup-job-temp-allocator-block-size-background=1048576"
    "memorysetup-job-temp-allocator-reduction-small-platforms=262144"
    "memorysetup-temp-allocator-size-background-worker=32768"
    "memorysetup-temp-allocator-size-job-worker=262144"
    "memorysetup-temp-allocator-size-preload-manager=33554432"
    "memorysetup-temp-allocator-size-nav-mesh-worker=65536"
    "memorysetup-temp-allocator-size-audio-worker=65536"
    "memorysetup-temp-allocator-size-cloud-worker=32768"
    "memorysetup-temp-allocator-size-gi-baking-worker=262144"
    "memorysetup-temp-allocator-size-gfx=262144"
Player connection [13676] Host "[IP] 10.120.3.242 [Port] 0 [Flags] 2 [Guid] 2498573760 [EditorId] 2498573760 [Version] 1048832 [Id] WindowsEditor(7,DESKTOP-1AHMFB6) [Debug] 1 [PackageName] WindowsEditor [ProjectName] Editor" joined multi-casting on [225.0.0.222:54997]...

Player connection [13676] Host "[IP] 10.120.3.242 [Port] 0 [Flags] 2 [Guid] 2498573760 [EditorId] 2498573760 [Version] 1048832 [Id] WindowsEditor(7,DESKTOP-1AHMFB6) [Debug] 1 [PackageName] WindowsEditor [ProjectName] Editor" joined alternative multi-casting on [225.0.0.222:34997]...

Refreshing native plugins compatible for Editor in 102.40 ms, found 3 plugins.
Preloading 0 native plugins for Editor in 0.00 ms.
Initialize engine version: 2021.3.28f1 (232e59c3f087)
[Subsystems] Discovering subsystems at path C:/Program Files/Unity/Hub/Editor/2021.3.28f1/Editor/Data/Resources/UnitySubsystems
[Subsystems] Discovering subsystems at path C:/Users/Alumno/Documents/proyectos/war_over_ocean/Assets
GfxDevice: creating device client; threaded=0; jobified=0
Direct3D:
    Version:  Direct3D 11.0 [level 11.1]
    Renderer: NVIDIA GeForce GTX 1660 (ID=0x2184)
    Vendor:   NVIDIA
    VRAM:     5980 MB
    Driver:   31.0.15.2824
Initialize mono
Mono path[0] = 'C:/Program Files/Unity/Hub/Editor/2021.3.28f1/Editor/Data/Managed'
Mono path[1] = 'C:/Program Files/Unity/Hub/Editor/2021.3.28f1/Editor/Data/MonoBleedingEdge/lib/mono/unityjit-win32'
Mono config path = 'C:/Program Files/Unity/Hub/Editor/2021.3.28f1/Editor/Data/MonoBleedingEdge/etc'
Using monoOptions --debugger-agent=transport=dt_socket,embedding=1,server=y,suspend=n,address=127.0.0.1:56672
Begin MonoManager ReloadAssembly
Registering precompiled unity dll's ...
Register platform support module: C:/Program Files/Unity/Hub/Editor/2021.3.28f1/Editor/Data/PlaybackEngines/WindowsStandaloneSupport/UnityEditor.WindowsStandalone.Extensions.dll
Registered in 0.005799 seconds.
Native extension for WindowsStandalone target not found
Refreshing native plugins compatible for Editor in 93.53 ms, found 3 plugins.
Preloading 0 native plugins for Editor in 0.00 ms.
Mono: successfully reloaded assembly
- Completed reload, in  0.615 seconds
Domain Reload Profiling:
	ReloadAssembly (615ms)
		BeginReloadAssembly (82ms)
			ExecutionOrderSort (0ms)
			DisableScriptedObjects (0ms)
			BackupInstance (0ms)
			ReleaseScriptingObjects (0ms)
			CreateAndSetChildDomain (1ms)
		EndReloadAssembly (436ms)
			LoadAssemblies (80ms)
			RebuildTransferFunctionScriptingTraits (0ms)
			SetupTypeCache (104ms)
			ReleaseScriptCaches (0ms)
			RebuildScriptCaches (25ms)
			SetupLoadedEditorAssemblies (257ms)
				LogAssemblyErrors (0ms)
				InitializePlatformSupportModulesInManaged (7ms)
				SetLoadedEditorAssemblies (0ms)
				RefreshPlugins (94ms)
				BeforeProcessingInitializeOnLoad (1ms)
				ProcessInitializeOnLoadAttributes (109ms)
				ProcessInitializeOnLoadMethodAttributes (46ms)
				AfterProcessingInitializeOnLoad (0ms)
				EditorAssembliesLoaded (0ms)
			ExecutionOrderSort2 (0ms)
			AwakeInstancesAfterBackupRestoration (0ms)
Platform modules already initialized, skipping
Registering precompiled user dll's ...
Registered in 0.009190 seconds.
Begin MonoManager ReloadAssembly
Symbol file LoadedFromMemory doesn't match image C:\Users\Alumno\Documents\proyectos\war_over_ocean\Library\PackageCache\com.unity.visualscripting@1.8.0\Editor\VisualScripting.Core\Dependencies\YamlDotNet\Unity.VisualScripting.YamlDotNet.dll
Symbol file LoadedFromMemory doesn't match image C:\Users\Alumno\Documents\proyectos\war_over_ocean\Library\PackageCache\com.unity.visualscripting@1.8.0\Editor\VisualScripting.Core\Dependencies\DotNetZip\Unity.VisualScripting.IonicZip.dll
Symbol file LoadedFromMemory is not a mono symbol file
Native extension for WindowsStandalone target not found
Refreshing native plugins compatible for Editor in 0.74 ms, found 3 plugins.
Preloading 0 native plugins for Editor in 0.00 ms.
Mono: successfully reloaded assembly
- Completed reload, in  1.116 seconds
Domain Reload Profiling:
	ReloadAssembly (1117ms)
		BeginReloadAssembly (113ms)
			ExecutionOrderSort (0ms)
			DisableScriptedObjects (6ms)
			BackupInstance (0ms)
			ReleaseScriptingObjects (0ms)
			CreateAndSetChildDomain (18ms)
		EndReloadAssembly (897ms)
			LoadAssemblies (99ms)
			RebuildTransferFunctionScriptingTraits (0ms)
			SetupTypeCache (320ms)
			ReleaseScriptCaches (1ms)
			RebuildScriptCaches (60ms)
			SetupLoadedEditorAssemblies (384ms)
				LogAssemblyErrors (0ms)
				InitializePlatformSupportModulesInManaged (6ms)
				SetLoadedEditorAssemblies (0ms)
				RefreshPlugins (1ms)
				BeforeProcessingInitializeOnLoad (121ms)
				ProcessInitializeOnLoadAttributes (211ms)
				ProcessInitializeOnLoadMethodAttributes (38ms)
				AfterProcessingInitializeOnLoad (7ms)
				EditorAssembliesLoaded (0ms)
			ExecutionOrderSort2 (0ms)
			AwakeInstancesAfterBackupRestoration (6ms)
Platform modules already initialized, skipping
========================================================================
Worker process is ready to serve import requests
Launched and connected shader compiler UnityShaderCompiler.exe after 0.04 seconds
Refreshing native plugins compatible for Editor in 0.96 ms, found 3 plugins.
Preloading 0 native plugins for Editor in 0.00 ms.
Unloading 4886 Unused Serialized files (Serialized files now loaded: 0)
Unloading 36 unused Assets / (46.7 KB). Loaded Objects now: 5335.
Memory consumption went from 177.6 MB to 177.6 MB.
Total: 3.709700 ms (FindLiveObjects: 0.505800 ms CreateObjectMapping: 0.327500 ms MarkObjects: 2.759000 ms  DeleteObjects: 0.116200 ms)

AssetImportParameters requested are different than current active one (requested -> active):
  custom:video-decoder-ogg-theora: a1e56fd34408186e4bbccfd4996cb3dc -> 
  custom:container-muxer-webm: aa71ff27fc2769a1b78a27578f13a17b -> 
  custom:container-demuxer-webm: 4f35f7cbe854078d1ac9338744f61a02 -> 
  custom:video-encoder-webm-vp8: eb34c28f22e8b96e1ab97ce403110664 -> 
  custom:video-codec-MediaFoundation-h265: 746d11721c4dcdbdad8f713fa42b33f4 -> 
  custom:audio-encoder-webm-vorbis: bf7c407c2cedff20999df2af8eb42d56 -> 
  custom:framework-win-MediaFoundation: 216162199b28c13a410421893ffa2e32 -> 
  custom:container-demuxer-ogg: 62fdf1f143b41e24485cea50d1cbac27 -> 
  custom:video-decoder-webm-vp8: 9c59270c3fd7afecdb556c50c9e8de78 -> 
  custom:audio-decoder-ogg-vorbis: bf7c407c2cedff20999df2af8eb42d56 -> 
========================================================================
Received Import Request.
  Time since last request: 4892.994863 seconds.
  path: Assets/Scenes/MainMenu.unity
  artifactKey: Guid(e1c1afc95cf9ccf4786cff94db19b480) Importer(815301076,1909f56bfc062723c751e8b465ee728b)
Start importing Assets/Scenes/MainMenu.unity using Guid(e1c1afc95cf9ccf4786cff94db19b480) Importer(815301076,1909f56bfc062723c751e8b465ee728b)  -> (artifact id: 'b1ad69541044c257ff8cf1e69ff40096') in 0.026551 seconds 
========================================================================
Received Prepare
Registering precompiled user dll's ...
Registered in 0.008719 seconds.
Begin MonoManager ReloadAssembly
Symbol file LoadedFromMemory doesn't match image C:\Users\Alumno\Documents\proyectos\war_over_ocean\Library\PackageCache\com.unity.visualscripting@1.8.0\Editor\VisualScripting.Core\Dependencies\YamlDotNet\Unity.VisualScripting.YamlDotNet.dll
Symbol file LoadedFromMemory doesn't match image C:\Users\Alumno\Documents\proyectos\war_over_ocean\Library\PackageCache\com.unity.visualscripting@1.8.0\Editor\VisualScripting.Core\Dependencies\DotNetZip\Unity.VisualScripting.IonicZip.dll
Symbol file LoadedFromMemory is not a mono symbol file
Native extension for WindowsStandalone target not found
Refreshing native plugins compatible for Editor in 0.94 ms, found 3 plugins.
Preloading 0 native plugins for Editor in 0.00 ms.
Mono: successfully reloaded assembly
- Completed reload, in  1.144 seconds
Domain Reload Profiling:
	ReloadAssembly (1145ms)
		BeginReloadAssembly (149ms)
			ExecutionOrderSort (0ms)
			DisableScriptedObjects (5ms)
			BackupInstance (0ms)
			ReleaseScriptingObjects (0ms)
			CreateAndSetChildDomain (38ms)
		EndReloadAssembly (890ms)
			LoadAssemblies (109ms)
			RebuildTransferFunctionScriptingTraits (0ms)
			SetupTypeCache (301ms)
			ReleaseScriptCaches (1ms)
			RebuildScriptCaches (41ms)
			SetupLoadedEditorAssemblies (404ms)
				LogAssemblyErrors (0ms)
				InitializePlatformSupportModulesInManaged (5ms)
				SetLoadedEditorAssemblies (1ms)
				RefreshPlugins (1ms)
				BeforeProcessingInitializeOnLoad (114ms)
				ProcessInitializeOnLoadAttributes (228ms)
				ProcessInitializeOnLoadMethodAttributes (47ms)
				AfterProcessingInitializeOnLoad (7ms)
				EditorAssembliesLoaded (0ms)
			ExecutionOrderSort2 (0ms)
			AwakeInstancesAfterBackupRestoration (8ms)
Platform modules already initialized, skipping
Refreshing native plugins compatible for Editor in 2.82 ms, found 3 plugins.
Preloading 0 native plugins for Editor in 0.00 ms.
Unloading 4866 Unused Serialized files (Serialized files now loaded: 0)
Unloading 29 unused Assets / (23.0 KB). Loaded Objects now: 5338.
Memory consumption went from 175.7 MB to 175.7 MB.
Total: 3.350000 ms (FindLiveObjects: 0.334200 ms CreateObjectMapping: 0.340900 ms MarkObjects: 2.623700 ms  DeleteObjects: 0.050000 ms)

AssetImportParameters requested are different than current active one (requested -> active):
  custom:video-decoder-ogg-theora: a1e56fd34408186e4bbccfd4996cb3dc -> 
  custom:container-muxer-webm: aa71ff27fc2769a1b78a27578f13a17b -> 
  custom:container-demuxer-webm: 4f35f7cbe854078d1ac9338744f61a02 -> 
  custom:video-encoder-webm-vp8: eb34c28f22e8b96e1ab97ce403110664 -> 
  custom:video-codec-MediaFoundation-h265: 746d11721c4dcdbdad8f713fa42b33f4 -> 
  custom:CustomObjectIndexerAttribute: bc11b3a6c3213fcdd17b65e7da85e133 -> 
  custom:audio-encoder-webm-vorbis: bf7c407c2cedff20999df2af8eb42d56 -> 
  custom:framework-win-MediaFoundation: 216162199b28c13a410421893ffa2e32 -> 
  custom:container-demuxer-ogg: 62fdf1f143b41e24485cea50d1cbac27 -> 
  custom:video-decoder-webm-vp8: 9c59270c3fd7afecdb556c50c9e8de78 -> 
  custom:audio-decoder-ogg-vorbis: bf7c407c2cedff20999df2af8eb42d56 -> 
========================================================================
Received Prepare
Refreshing native plugins compatible for Editor in 4.88 ms, found 3 plugins.
Preloading 0 native plugins for Editor in 0.00 ms.
Unloading 29 Unused Serialized files (Serialized files now loaded: 0)
Unloading 29 unused Assets / (21.9 KB). Loaded Objects now: 5338.
Memory consumption went from 79.0 MB to 79.0 MB.
Total: 3.287900 ms (FindLiveObjects: 0.343600 ms CreateObjectMapping: 0.280900 ms MarkObjects: 2.632300 ms  DeleteObjects: 0.030100 ms)

AssetImportParameters requested are different than current active one (requested -> active):
  custom:video-decoder-ogg-theora: a1e56fd34408186e4bbccfd4996cb3dc -> 
  custom:container-muxer-webm: aa71ff27fc2769a1b78a27578f13a17b -> 
  custom:container-demuxer-webm: 4f35f7cbe854078d1ac9338744f61a02 -> 
  custom:video-encoder-webm-vp8: eb34c28f22e8b96e1ab97ce403110664 -> 
  custom:video-codec-MediaFoundation-h265: 746d11721c4dcdbdad8f713fa42b33f4 -> 
  custom:CustomObjectIndexerAttribute: bc11b3a6c3213fcdd17b65e7da85e133 -> 
  custom:audio-encoder-webm-vorbis: bf7c407c2cedff20999df2af8eb42d56 -> 
  custom:framework-win-MediaFoundation: 216162199b28c13a410421893ffa2e32 -> 
  custom:container-demuxer-ogg: 62fdf1f143b41e24485cea50d1cbac27 -> 
  custom:video-decoder-webm-vp8: 9c59270c3fd7afecdb556c50c9e8de78 -> 
  custom:audio-decoder-ogg-vorbis: bf7c407c2cedff20999df2af8eb42d56 -> 
========================================================================
Received Prepare
Registering precompiled user dll's ...
Registered in 0.009886 seconds.
Begin MonoManager ReloadAssembly
Symbol file LoadedFromMemory doesn't match image C:\Users\Alumno\Documents\proyectos\war_over_ocean\Library\PackageCache\com.unity.visualscripting@1.8.0\Editor\VisualScripting.Core\Dependencies\YamlDotNet\Unity.VisualScripting.YamlDotNet.dll
Symbol file LoadedFromMemory doesn't match image C:\Users\Alumno\Documents\proyectos\war_over_ocean\Library\PackageCache\com.unity.visualscripting@1.8.0\Editor\VisualScripting.Core\Dependencies\DotNetZip\Unity.VisualScripting.IonicZip.dll
Symbol file LoadedFromMemory is not a mono symbol file
Native extension for WindowsStandalone target not found
Refreshing native plugins compatible for Editor in 1.09 ms, found 3 plugins.
Preloading 0 native plugins for Editor in 0.00 ms.
Mono: successfully reloaded assembly
- Completed reload, in  1.258 seconds
Domain Reload Profiling:
	ReloadAssembly (1259ms)
		BeginReloadAssembly (161ms)
			ExecutionOrderSort (0ms)
			DisableScriptedObjects (5ms)
			BackupInstance (0ms)
			ReleaseScriptingObjects (0ms)
			CreateAndSetChildDomain (42ms)
		EndReloadAssembly (988ms)
			LoadAssemblies (121ms)
			RebuildTransferFunctionScriptingTraits (0ms)
			SetupTypeCache (337ms)
			ReleaseScriptCaches (1ms)
			RebuildScriptCaches (53ms)
			SetupLoadedEditorAssemblies (427ms)
				LogAssemblyErrors (0ms)
				InitializePlatformSupportModulesInManaged (6ms)
				SetLoadedEditorAssemblies (1ms)
				RefreshPlugins (1ms)
				BeforeProcessingInitializeOnLoad (113ms)
				ProcessInitializeOnLoadAttributes (243ms)
				ProcessInitializeOnLoadMethodAttributes (54ms)
				AfterProcessingInitializeOnLoad (9ms)
				EditorAssembliesLoaded (0ms)
			ExecutionOrderSort2 (0ms)
			AwakeInstancesAfterBackupRestoration (8ms)
Platform modules already initialized, skipping
Refreshing native plugins compatible for Editor in 2.23 ms, found 3 plugins.
Preloading 0 native plugins for Editor in 0.00 ms.
Unloading 4866 Unused Serialized files (Serialized files now loaded: 0)
Unloading 29 unused Assets / (23.1 KB). Loaded Objects now: 5341.
Memory consumption went from 175.7 MB to 175.7 MB.
Total: 3.034800 ms (FindLiveObjects: 0.351500 ms CreateObjectMapping: 0.278500 ms MarkObjects: 2.367800 ms  DeleteObjects: 0.036000 ms)

AssetImportParameters requested are different than current active one (requested -> active):
  custom:video-decoder-ogg-theora: a1e56fd34408186e4bbccfd4996cb3dc -> 
  custom:container-muxer-webm: aa71ff27fc2769a1b78a27578f13a17b -> 
  custom:container-demuxer-webm: 4f35f7cbe854078d1ac9338744f61a02 -> 
  custom:video-encoder-webm-vp8: eb34c28f22e8b96e1ab97ce403110664 -> 
  custom:video-codec-MediaFoundation-h265: 746d11721c4dcdbdad8f713fa42b33f4 -> 
  custom:CustomObjectIndexerAttribute: bc11b3a6c3213fcdd17b65e7da85e133 -> 
  custom:audio-encoder-webm-vorbis: bf7c407c2cedff20999df2af8eb42d56 -> 
  custom:framework-win-MediaFoundation: 216162199b28c13a410421893ffa2e32 -> 
  custom:container-demuxer-ogg: 62fdf1f143b41e24485cea50d1cbac27 -> 
  custom:video-decoder-webm-vp8: 9c59270c3fd7afecdb556c50c9e8de78 -> 
  custom:audio-decoder-ogg-vorbis: bf7c407c2cedff20999df2af8eb42d56 -> 
========================================================================
Received Import Request.
  Time since last request: 1175.832461 seconds.
  path: Assets/Scenes/Lobby.unity
  artifactKey: Guid(093a4a99efbd65d45bd1b90f67a8a006) Importer(815301076,1909f56bfc062723c751e8b465ee728b)
Start importing Assets/Scenes/Lobby.unity using Guid(093a4a99efbd65d45bd1b90f67a8a006) Importer(815301076,1909f56bfc062723c751e8b465ee728b)  -> (artifact id: '3508ebb783598b9742eed0106385112b') in 0.015630 seconds 
========================================================================
Received Import Request.
  Time since last request: 4.758977 seconds.
  path: Assets/Scenes/Game.unity
  artifactKey: Guid(355e1f82189324a44aea3429fe2b1917) Importer(815301076,1909f56bfc062723c751e8b465ee728b)
Start importing Assets/Scenes/Game.unity using Guid(355e1f82189324a44aea3429fe2b1917) Importer(815301076,1909f56bfc062723c751e8b465ee728b)  -> (artifact id: '5408a03cebb16f253a480f6fd9987e2e') in 0.010426 seconds 
========================================================================
Received Import Request.
  Time since last request: 13.656162 seconds.
  path: Assets/Scripts/Game
  artifactKey: Guid(d5e2a52c8f0b3eb4393c393c451cd974) Importer(815301076,1909f56bfc062723c751e8b465ee728b)
Start importing Assets/Scripts/Game using Guid(d5e2a52c8f0b3eb4393c393c451cd974) Importer(815301076,1909f56bfc062723c751e8b465ee728b)  -> (artifact id: '320df90becc07b4640bda06f56846914') in 0.009294 seconds 
========================================================================
Received Import Request.
  Time since last request: 2.178504 seconds.
  path: Assets/Scripts/Game/UI
  artifactKey: Guid(d28dda10e550d344eb825c11d276c391) Importer(815301076,1909f56bfc062723c751e8b465ee728b)
Start importing Assets/Scripts/Game/UI using Guid(d28dda10e550d344eb825c11d276c391) Importer(815301076,1909f56bfc062723c751e8b465ee728b)  -> (artifact id: '426cfe72b00629bea25de28fd913bdbf') in 0.010373 seconds 
========================================================================
Received Import Request.
  Time since last request: 25.439026 seconds.
  path: Assets/Scripts/Game/PlayerController.cs
  artifactKey: Guid(1649b7d9f07365740bf8a6a84c427d82) Importer(815301076,1909f56bfc062723c751e8b465ee728b)
Start importing Assets/Scripts/Game/PlayerController.cs using Guid(1649b7d9f07365740bf8a6a84c427d82) Importer(815301076,1909f56bfc062723c751e8b465ee728b)  -> (artifact id: '6f18449341a3a3ff405a218384c51a93') in 0.069758 seconds 
========================================================================
Received Import Request.
  Time since last request: 180.590900 seconds.
  path: Assets/Scripts/Game/GameManager.cs
  artifactKey: Guid(8c7bd13c7d9779e47bbf25b9035a017b) Importer(815301076,1909f56bfc062723c751e8b465ee728b)
Start importing Assets/Scripts/Game/GameManager.cs using Guid(8c7bd13c7d9779e47bbf25b9035a017b) Importer(815301076,1909f56bfc062723c751e8b465ee728b)  -> (artifact id: '7d1909d0f7aa04f85037c8145434b1d9') in 0.008491 seconds 
========================================================================
Received Prepare
Registering precompiled user dll's ...
Registered in 0.008448 seconds.
Begin MonoManager ReloadAssembly
Symbol file LoadedFromMemory doesn't match image C:\Users\Alumno\Documents\proyectos\war_over_ocean\Library\PackageCache\com.unity.visualscripting@1.8.0\Editor\VisualScripting.Core\Dependencies\YamlDotNet\Unity.VisualScripting.YamlDotNet.dll
Symbol file LoadedFromMemory doesn't match image C:\Users\Alumno\Documents\proyectos\war_over_ocean\Library\PackageCache\com.unity.visualscripting@1.8.0\Editor\VisualScripting.Core\Dependencies\DotNetZip\Unity.VisualScripting.IonicZip.dll
Symbol file LoadedFromMemory is not a mono symbol file
Native extension for WindowsStandalone target not found
Refreshing native plugins compatible for Editor in 0.71 ms, found 3 plugins.
Preloading 0 native plugins for Editor in 0.00 ms.
Mono: successfully reloaded assembly
- Completed reload, in  1.689 seconds
Domain Reload Profiling:
	ReloadAssembly (1690ms)
		BeginReloadAssembly (260ms)
			ExecutionOrderSort (0ms)
			DisableScriptedObjects (6ms)
			BackupInstance (0ms)
			ReleaseScriptingObjects (0ms)
			CreateAndSetChildDomain (41ms)
		EndReloadAssembly (1304ms)
			LoadAssemblies (216ms)
			RebuildTransferFunctionScriptingTraits (0ms)
			SetupTypeCache (791ms)
			ReleaseScriptCaches (1ms)
			RebuildScriptCaches (40ms)
			SetupLoadedEditorAssemblies (334ms)
				LogAssemblyErrors (0ms)
				InitializePlatformSupportModulesInManaged (5ms)
				SetLoadedEditorAssemblies (0ms)
				RefreshPlugins (1ms)
				BeforeProcessingInitializeOnLoad (87ms)
				ProcessInitializeOnLoadAttributes (193ms)
				ProcessInitializeOnLoadMethodAttributes (40ms)
				AfterProcessingInitializeOnLoad (8ms)
				EditorAssembliesLoaded (0ms)
			ExecutionOrderSort2 (0ms)
			AwakeInstancesAfterBackupRestoration (7ms)
Platform modules already initialized, skipping
Refreshing native plugins compatible for Editor in 2.40 ms, found 3 plugins.
Preloading 0 native plugins for Editor in 0.00 ms.
Unloading 4866 Unused Serialized files (Serialized files now loaded: 0)
Unloading 29 unused Assets / (22.0 KB). Loaded Objects now: 5344.
Memory consumption went from 175.7 MB to 175.7 MB.
Total: 3.258000 ms (FindLiveObjects: 0.383200 ms CreateObjectMapping: 0.309800 ms MarkObjects: 2.533700 ms  DeleteObjects: 0.030200 ms)

AssetImportParameters requested are different than current active one (requested -> active):
  custom:video-decoder-ogg-theora: a1e56fd34408186e4bbccfd4996cb3dc -> 
  custom:container-muxer-webm: aa71ff27fc2769a1b78a27578f13a17b -> 
  custom:container-demuxer-webm: 4f35f7cbe854078d1ac9338744f61a02 -> 
  custom:video-encoder-webm-vp8: eb34c28f22e8b96e1ab97ce403110664 -> 
  custom:video-codec-MediaFoundation-h265: 746d11721c4dcdbdad8f713fa42b33f4 -> 
  custom:CustomObjectIndexerAttribute: bc11b3a6c3213fcdd17b65e7da85e133 -> 
  custom:audio-encoder-webm-vorbis: bf7c407c2cedff20999df2af8eb42d56 -> 
  custom:framework-win-MediaFoundation: 216162199b28c13a410421893ffa2e32 -> 
  custom:container-demuxer-ogg: 62fdf1f143b41e24485cea50d1cbac27 -> 
  custom:video-decoder-webm-vp8: 9c59270c3fd7afecdb556c50c9e8de78 -> 
  custom:audio-decoder-ogg-vorbis: bf7c407c2cedff20999df2af8eb42d56 -> 
========================================================================
Received Import Request.
  Time since last request: 2322.780909 seconds.
  path: Assets/Materials/LoadingBar.jpg
  artifactKey: Guid(6596ba1369778544fa33b9fc0d60be77) Importer(815301076,1909f56bfc062723c751e8b465ee728b)
Start importing Assets/Materials/LoadingBar.jpg using Guid(6596ba1369778544fa33b9fc0d60be77) Importer(815301076,1909f56bfc062723c751e8b465ee728b)  -> (artifact id: '8ef7fe49b4131b3d6f27634dd78ae185') in 0.239874 seconds 
========================================================================
Received Import Request.
  Time since last request: 14.080955 seconds.
  path: Assets/Materials/Loading.gif
  artifactKey: Guid(931c28f3a1f830a4f8c7dfd6025fd025) Importer(815301076,1909f56bfc062723c751e8b465ee728b)
Start importing Assets/Materials/Loading.gif using Guid(931c28f3a1f830a4f8c7dfd6025fd025) Importer(815301076,1909f56bfc062723c751e8b465ee728b)  -> (artifact id: '4a0e26280ea0732f1ca4d40186e4df09') in 0.088900 seconds 
========================================================================
Received Import Request.
  Time since last request: 22.661571 seconds.
  path: Assets/Materials/Loading.gif
  artifactKey: Guid(931c28f3a1f830a4f8c7dfd6025fd025) Importer(815301076,1909f56bfc062723c751e8b465ee728b)
Start importing Assets/Materials/Loading.gif using Guid(931c28f3a1f830a4f8c7dfd6025fd025) Importer(815301076,1909f56bfc062723c751e8b465ee728b)  -> (artifact id: '54bfa7e9902986287e48d3733473c7d9') in 0.160390 seconds 
========================================================================
Received Import Request.
  Time since last request: 20.728223 seconds.
  path: Assets/Materials/Loading.gif
  artifactKey: Guid(931c28f3a1f830a4f8c7dfd6025fd025) Importer(815301076,1909f56bfc062723c751e8b465ee728b)
Start importing Assets/Materials/Loading.gif using Guid(931c28f3a1f830a4f8c7dfd6025fd025) Importer(815301076,1909f56bfc062723c751e8b465ee728b)  -> (artifact id: 'a4308b96d34c40ecf85cab9836b4b02e') in 0.013675 seconds 
========================================================================
Received Import Request.
  Time since last request: 2606.048381 seconds.
  path: Assets/Materials/loadingSpriteSheet.png
  artifactKey: Guid(0a289d24e5b8be540823e4d2aa337602) Importer(815301076,1909f56bfc062723c751e8b465ee728b)
Start importing Assets/Materials/loadingSpriteSheet.png using Guid(0a289d24e5b8be540823e4d2aa337602) Importer(815301076,1909f56bfc062723c751e8b465ee728b)  -> (artifact id: '41198c01310f3d3d48964f39f7589b89') in 0.041794 seconds 
========================================================================
Received Import Request.
  Time since last request: 38.814813 seconds.
  path: Assets/Materials/loadingSpriteSheet.png
  artifactKey: Guid(0a289d24e5b8be540823e4d2aa337602) Importer(815301076,1909f56bfc062723c751e8b465ee728b)
Start importing Assets/Materials/loadingSpriteSheet.png using Guid(0a289d24e5b8be540823e4d2aa337602) Importer(815301076,1909f56bfc062723c751e8b465ee728b)  -> (artifact id: '0efa83c402f5977b8cc20fcc0b75421e') in 0.023196 seconds 
========================================================================
Received Prepare
Registering precompiled user dll's ...
Registered in 0.008237 seconds.
Begin MonoManager ReloadAssembly
Symbol file LoadedFromMemory doesn't match image C:\Users\Alumno\Documents\proyectos\war_over_ocean\Library\PackageCache\com.unity.visualscripting@1.8.0\Editor\VisualScripting.Core\Dependencies\YamlDotNet\Unity.VisualScripting.YamlDotNet.dll
Symbol file LoadedFromMemory doesn't match image C:\Users\Alumno\Documents\proyectos\war_over_ocean\Library\PackageCache\com.unity.visualscripting@1.8.0\Editor\VisualScripting.Core\Dependencies\DotNetZip\Unity.VisualScripting.IonicZip.dll
Symbol file LoadedFromMemory is not a mono symbol file
Native extension for WindowsStandalone target not found
Refreshing native plugins compatible for Editor in 0.73 ms, found 3 plugins.
Preloading 0 native plugins for Editor in 0.00 ms.
Mono: successfully reloaded assembly
- Completed reload, in  0.948 seconds
Domain Reload Profiling:
	ReloadAssembly (948ms)
		BeginReloadAssembly (137ms)
			ExecutionOrderSort (0ms)
			DisableScriptedObjects (5ms)
			BackupInstance (0ms)
			ReleaseScriptingObjects (0ms)
			CreateAndSetChildDomain (36ms)
		EndReloadAssembly (724ms)
			LoadAssemblies (92ms)
			RebuildTransferFunctionScriptingTraits (0ms)
			SetupTypeCache (269ms)
			ReleaseScriptCaches (1ms)
			RebuildScriptCaches (37ms)
			SetupLoadedEditorAssemblies (298ms)
				LogAssemblyErrors (0ms)
				InitializePlatformSupportModulesInManaged (5ms)
				SetLoadedEditorAssemblies (0ms)
				RefreshPlugins (1ms)
				BeforeProcessingInitializeOnLoad (81ms)
				ProcessInitializeOnLoadAttributes (172ms)
				ProcessInitializeOnLoadMethodAttributes (33ms)
				AfterProcessingInitializeOnLoad (6ms)
				EditorAssembliesLoaded (0ms)
			ExecutionOrderSort2 (0ms)
			AwakeInstancesAfterBackupRestoration (5ms)
Platform modules already initialized, skipping
Refreshing native plugins compatible for Editor in 5.16 ms, found 3 plugins.
Preloading 0 native plugins for Editor in 0.00 ms.
Unloading 4903 Unused Serialized files (Serialized files now loaded: 0)
Unloading 29 unused Assets / (22.1 KB). Loaded Objects now: 5397.
Memory consumption went from 181.0 MB to 181.0 MB.
Total: 20.288800 ms (FindLiveObjects: 0.314400 ms CreateObjectMapping: 0.223600 ms MarkObjects: 19.727400 ms  DeleteObjects: 0.022900 ms)

AssetImportParameters requested are different than current active one (requested -> active):
  custom:video-decoder-ogg-theora: a1e56fd34408186e4bbccfd4996cb3dc -> 
  custom:container-muxer-webm: aa71ff27fc2769a1b78a27578f13a17b -> 
  custom:container-demuxer-webm: 4f35f7cbe854078d1ac9338744f61a02 -> 
  custom:video-encoder-webm-vp8: eb34c28f22e8b96e1ab97ce403110664 -> 
  custom:video-codec-MediaFoundation-h265: 746d11721c4dcdbdad8f713fa42b33f4 -> 
  custom:CustomObjectIndexerAttribute: bc11b3a6c3213fcdd17b65e7da85e133 -> 
  custom:audio-encoder-webm-vorbis: bf7c407c2cedff20999df2af8eb42d56 -> 
  custom:framework-win-MediaFoundation: 216162199b28c13a410421893ffa2e32 -> 
  custom:container-demuxer-ogg: 62fdf1f143b41e24485cea50d1cbac27 -> 
  custom:video-decoder-webm-vp8: 9c59270c3fd7afecdb556c50c9e8de78 -> 
  custom:audio-decoder-ogg-vorbis: bf7c407c2cedff20999df2af8eb42d56 -> 
========================================================================
Received Import Request.
  Time since last request: 499.423924 seconds.
  path: Assets/Materials/loadingSpriteSheet.png
  artifactKey: Guid(0a289d24e5b8be540823e4d2aa337602) Importer(815301076,1909f56bfc062723c751e8b465ee728b)
Start importing Assets/Materials/loadingSpriteSheet.png using Guid(0a289d24e5b8be540823e4d2aa337602) Importer(815301076,1909f56bfc062723c751e8b465ee728b)  -> (artifact id: 'a7912686459f46d563e6c8d197b35315') in 0.093948 seconds 
========================================================================
Received Import Request.
  Time since last request: 46.541589 seconds.
  path: Assets/Materials/loadingSpriteSheet.png
  artifactKey: Guid(0a289d24e5b8be540823e4d2aa337602) Importer(815301076,1909f56bfc062723c751e8b465ee728b)
Start importing Assets/Materials/loadingSpriteSheet.png using Guid(0a289d24e5b8be540823e4d2aa337602) Importer(815301076,1909f56bfc062723c751e8b465ee728b)  -> (artifact id: 'f8bc661d7ebd08069329cddc5a15a86a') in 0.015652 seconds 
========================================================================
Received Import Request.
  Time since last request: 9.617165 seconds.
  path: Assets/Materials/Loding.jpg
  artifactKey: Guid(95da0585e8a4204449f229ee75d9723e) Importer(815301076,1909f56bfc062723c751e8b465ee728b)
Start importing Assets/Materials/Loding.jpg using Guid(95da0585e8a4204449f229ee75d9723e) Importer(815301076,1909f56bfc062723c751e8b465ee728b)  -> (artifact id: '130d493ed8ebef5b6cc22cfc4d31af47') in 0.105599 seconds 
========================================================================
Received Import Request.
  Time since last request: 7.092035 seconds.
  path: Assets/Materials/Loding.jpg
  artifactKey: Guid(95da0585e8a4204449f229ee75d9723e) Importer(815301076,1909f56bfc062723c751e8b465ee728b)
Start importing Assets/Materials/Loding.jpg using Guid(95da0585e8a4204449f229ee75d9723e) Importer(815301076,1909f56bfc062723c751e8b465ee728b)  -> (artifact id: '7ab0007f2fa751bb8c57ef8b14212864') in 0.138748 seconds 
========================================================================
Received Import Request.
  Time since last request: 33.021417 seconds.
  path: Assets/Scenes/Loading.unity
  artifactKey: Guid(85fdb05c58727db4da66ab2edb53d65e) Importer(815301076,1909f56bfc062723c751e8b465ee728b)
Start importing Assets/Scenes/Loading.unity using Guid(85fdb05c58727db4da66ab2edb53d65e) Importer(815301076,1909f56bfc062723c751e8b465ee728b)  -> (artifact id: '11436f79646cc76940bf211ec90cc402') in 0.008257 seconds 
========================================================================
Received Import Request.
  Time since last request: 122.513998 seconds.
  path: Assets/Scenes/MainMenu.unity
  artifactKey: Guid(e1c1afc95cf9ccf4786cff94db19b480) Importer(815301076,1909f56bfc062723c751e8b465ee728b)
Start importing Assets/Scenes/MainMenu.unity using Guid(e1c1afc95cf9ccf4786cff94db19b480) Importer(815301076,1909f56bfc062723c751e8b465ee728b)  -> (artifact id: '98c42b7487777b073ee59f3669daa1fd') in 0.023953 seconds 
========================================================================
Received Prepare
Registering precompiled user dll's ...
Registered in 0.008252 seconds.
Begin MonoManager ReloadAssembly
Symbol file LoadedFromMemory doesn't match image C:\Users\Alumno\Documents\proyectos\war_over_ocean\Library\PackageCache\com.unity.visualscripting@1.8.0\Editor\VisualScripting.Core\Dependencies\YamlDotNet\Unity.VisualScripting.YamlDotNet.dll
Symbol file LoadedFromMemory doesn't match image C:\Users\Alumno\Documents\proyectos\war_over_ocean\Library\PackageCache\com.unity.visualscripting@1.8.0\Editor\VisualScripting.Core\Dependencies\DotNetZip\Unity.VisualScripting.IonicZip.dll
Symbol file LoadedFromMemory is not a mono symbol file
Native extension for WindowsStandalone target not found
Refreshing native plugins compatible for Editor in 0.71 ms, found 3 plugins.
Preloading 0 native plugins for Editor in 0.00 ms.
Mono: successfully reloaded assembly
- Completed reload, in  1.097 seconds
Domain Reload Profiling:
	ReloadAssembly (1098ms)
		BeginReloadAssembly (134ms)
			ExecutionOrderSort (0ms)
			DisableScriptedObjects (4ms)
			BackupInstance (0ms)
			ReleaseScriptingObjects (0ms)
			CreateAndSetChildDomain (37ms)
		EndReloadAssembly (871ms)
			LoadAssemblies (103ms)
			RebuildTransferFunctionScriptingTraits (0ms)
			SetupTypeCache (293ms)
			ReleaseScriptCaches (1ms)
			RebuildScriptCaches (66ms)
			SetupLoadedEditorAssemblies (342ms)
				LogAssemblyErrors (0ms)
				InitializePlatformSupportModulesInManaged (5ms)
				SetLoadedEditorAssemblies (0ms)
				RefreshPlugins (1ms)
				BeforeProcessingInitializeOnLoad (91ms)
				ProcessInitializeOnLoadAttributes (194ms)
				ProcessInitializeOnLoadMethodAttributes (43ms)
				AfterProcessingInitializeOnLoad (7ms)
				EditorAssembliesLoaded (0ms)
			ExecutionOrderSort2 (0ms)
			AwakeInstancesAfterBackupRestoration (7ms)
Platform modules already initialized, skipping
Refreshing native plugins compatible for Editor in 2.11 ms, found 3 plugins.
Preloading 0 native plugins for Editor in 0.00 ms.
Unloading 4903 Unused Serialized files (Serialized files now loaded: 0)
Unloading 29 unused Assets / (23.0 KB). Loaded Objects now: 5402.
Memory consumption went from 181.7 MB to 181.6 MB.
Total: 3.079300 ms (FindLiveObjects: 0.380200 ms CreateObjectMapping: 0.335800 ms MarkObjects: 2.337300 ms  DeleteObjects: 0.025100 ms)

AssetImportParameters requested are different than current active one (requested -> active):
  custom:video-decoder-ogg-theora: a1e56fd34408186e4bbccfd4996cb3dc -> 
  custom:container-muxer-webm: aa71ff27fc2769a1b78a27578f13a17b -> 
  custom:container-demuxer-webm: 4f35f7cbe854078d1ac9338744f61a02 -> 
  custom:video-encoder-webm-vp8: eb34c28f22e8b96e1ab97ce403110664 -> 
  custom:video-codec-MediaFoundation-h265: 746d11721c4dcdbdad8f713fa42b33f4 -> 
  custom:CustomObjectIndexerAttribute: bc11b3a6c3213fcdd17b65e7da85e133 -> 
  custom:audio-encoder-webm-vorbis: bf7c407c2cedff20999df2af8eb42d56 -> 
  custom:framework-win-MediaFoundation: 216162199b28c13a410421893ffa2e32 -> 
  custom:container-demuxer-ogg: 62fdf1f143b41e24485cea50d1cbac27 -> 
  custom:video-decoder-webm-vp8: 9c59270c3fd7afecdb556c50c9e8de78 -> 
  custom:audio-decoder-ogg-vorbis: bf7c407c2cedff20999df2af8eb42d56 -> 
========================================================================
Received Import Request.
  Time since last request: 254.089673 seconds.
  path: Assets/Scenes/Loading.unity
  artifactKey: Guid(85fdb05c58727db4da66ab2edb53d65e) Importer(815301076,1909f56bfc062723c751e8b465ee728b)
Start importing Assets/Scenes/Loading.unity using Guid(85fdb05c58727db4da66ab2edb53d65e) Importer(815301076,1909f56bfc062723c751e8b465ee728b)  -> (artifact id: 'f88c601a4555cbcfdd35999e945993c9') in 0.009754 seconds 
========================================================================
Received Import Request.
  Time since last request: 2.643796 seconds.
  path: Assets/Scripts/Loading
  artifactKey: Guid(779c139dc710af247949bdabc5506164) Importer(815301076,1909f56bfc062723c751e8b465ee728b)
Start importing Assets/Scripts/Loading using Guid(779c139dc710af247949bdabc5506164) Importer(815301076,1909f56bfc062723c751e8b465ee728b)  -> (artifact id: '655663110e230239aaae527c9f5543ac') in 0.001935 seconds 
========================================================================
Received Import Request.
  Time since last request: 1.054725 seconds.
  path: Assets/Scripts/Loading/Loading.cs
  artifactKey: Guid(9341c2b3bb4c4db4aba75c04b8a1e594) Importer(815301076,1909f56bfc062723c751e8b465ee728b)
Start importing Assets/Scripts/Loading/Loading.cs using Guid(9341c2b3bb4c4db4aba75c04b8a1e594) Importer(815301076,1909f56bfc062723c751e8b465ee728b)  -> (artifact id: 'e8721c8d944029aba6f8016158861b34') in 0.001874 seconds 
========================================================================
Received Import Request.
  Time since last request: 1057.033195 seconds.
  path: Assets/Materials/barcoIcon.png
  artifactKey: Guid(ca48fbbc4f753824aaa96c18b966372d) Importer(815301076,1909f56bfc062723c751e8b465ee728b)
Start importing Assets/Materials/barcoIcon.png using Guid(ca48fbbc4f753824aaa96c18b966372d) Importer(815301076,1909f56bfc062723c751e8b465ee728b)  -> (artifact id: 'bb9741ce991c078536f47790076debbc') in 0.041081 seconds 
========================================================================
Received Import Request.
  Time since last request: 46.896856 seconds.
  path: Assets/Materials/barcoIcon.png
  artifactKey: Guid(ca48fbbc4f753824aaa96c18b966372d) Importer(815301076,1909f56bfc062723c751e8b465ee728b)
Start importing Assets/Materials/barcoIcon.png using Guid(ca48fbbc4f753824aaa96c18b966372d) Importer(815301076,1909f56bfc062723c751e8b465ee728b)  -> (artifact id: '918dea575684e73f3d8b906ca3db3435') in 0.050412 seconds 
